android/app/build/intermediates/manifest_merge_blame_file/debug/manifest-merger-blame-debug-report.txt
1<?xml version="1.0" encoding="utf-8"?>
2<manifest xmlns:android="http://schemas.android.com/apk/res/android"
3    package="com.example.icareers"
4    android:versionCode="1"
5    android:versionName="1.0" >
6
7    <uses-sdk
8        android:minSdkVersion="24"
9        android:targetSdkVersion="34" />
10
11    <uses-permission android:name="android.permission.INTERNET" />
11-->src\main\AndroidManifest.xml:4:5-66
11-->src\main\AndroidManifest.xml:4:22-64
12
13    <permission
13-->[androidx.core:core:1.9.0] AndroidManifest.xml:22:5-24:47
14        android:name="com.example.icareers.DYNAMIC_RECEIVER_NOT_EXPORTED_PERMISSION"
14-->[androidx.core:core:1.9.0] AndroidManifest.xml:23:9-81
15        android:protectionLevel="signature" />
15-->[androidx.core:core:1.9.0] AndroidManifest.xml:24:9-44
16
17    <uses-permission android:name="com.example.icareers.DYNAMIC_RECEIVER_NOT_EXPORTED_PERMISSION" />
17-->[androidx.core:core:1.9.0] AndroidManifest.xml:26:5-97
17-->[androidx.core:core:1.9.0] AndroidManifest.xml:26:22-94
18
19    <application
19-->src\main\AndroidManifest.xml:6:5-42:19
20        android:allowBackup="true"
20-->src\main\AndroidManifest.xml:8:9-35
21        android:appComponentFactory="androidx.core.app.CoreComponentFactory"
21-->[androidx.core:core:1.9.0] AndroidManifest.xml:28:18-86
22        android:dataExtractionRules="@xml/data_extraction_rules"
22-->src\main\AndroidManifest.xml:9:9-65
23        android:debuggable="true"
24        android:extractNativeLibs="false"
25        android:fullBackupContent="@xml/backup_rules"
25-->src\main\AndroidManifest.xml:10:9-54
26        android:icon="@mipmap/ic_launcher"
26-->src\main\AndroidManifest.xml:11:9-43
27        android:label="@string/app_name"
27-->src\main\AndroidManifest.xml:12:9-41
28        android:networkSecurityConfig="@xml/network_security_config"
28-->src\main\AndroidManifest.xml:7:9-69
29        android:roundIcon="@mipmap/ic_launcher_round"
29-->src\main\AndroidManifest.xml:13:9-54
30        android:supportsRtl="true"
30-->src\main\AndroidManifest.xml:14:9-35
31        android:testOnly="true"
32        android:theme="@style/Theme.Icareers" >
32-->src\main\AndroidManifest.xml:15:9-46
33        <activity
33-->src\main\AndroidManifest.xml:17:9-26:20
34            android:name="com.example.icareers.MainActivity"
34-->src\main\AndroidManifest.xml:18:13-41
35            android:exported="true" >
35-->src\main\AndroidManifest.xml:19:13-36
36            <intent-filter>
36-->src\main\AndroidManifest.xml:21:13-25:29
37                <action android:name="android.intent.action.MAIN" />
37-->src\main\AndroidManifest.xml:22:17-69
37-->src\main\AndroidManifest.xml:22:25-66
38
39                <category android:name="android.intent.category.LAUNCHER" />
39-->src\main\AndroidManifest.xml:24:17-77
39-->src\main\AndroidManifest.xml:24:27-74
40            </intent-filter>
41        </activity>
42        <activity
42-->src\main\AndroidManifest.xml:27:9-31:20
43            android:name="com.example.icareers.PostedJobsActivity"
43-->src\main\AndroidManifest.xml:28:13-47
44            android:exported="true" >
44-->src\main\AndroidManifest.xml:29:13-36
45
46            <!-- Add necessary intent filters or other configurations here -->
47        </activity>
48        <activity
48-->src\main\AndroidManifest.xml:32:9-36:20
49            android:name="com.example.icareers.PostJobActivity"
49-->src\main\AndroidManifest.xml:33:13-44
50            android:exported="true" >
50-->src\main\AndroidManifest.xml:34:13-36
51
52            <!-- Add necessary intent filters or other configurations here -->
53        </activity>
54        <activity
54-->src\main\AndroidManifest.xml:37:9-41:20
55            android:name="com.example.icareers.ManageJobApplicationsActivity"
55-->src\main\AndroidManifest.xml:38:13-58
56            android:exported="true" >
56-->src\main\AndroidManifest.xml:39:13-36
57
58            <!-- Add necessary intent filters or other configurations here -->
59        </activity>
60
61        <provider
61-->[androidx.emoji2:emoji2:1.2.0] AndroidManifest.xml:24:9-32:20
62            android:name="androidx.startup.InitializationProvider"
62-->[androidx.emoji2:emoji2:1.2.0] AndroidManifest.xml:25:13-67
63            android:authorities="com.example.icareers.androidx-startup"
63-->[androidx.emoji2:emoji2:1.2.0] AndroidManifest.xml:26:13-68
64            android:exported="false" >
64-->[androidx.emoji2:emoji2:1.2.0] AndroidManifest.xml:27:13-37
65            <meta-data
65-->[androidx.emoji2:emoji2:1.2.0] AndroidManifest.xml:29:13-31:52
66                android:name="androidx.emoji2.text.EmojiCompatInitializer"
66-->[androidx.emoji2:emoji2:1.2.0] AndroidManifest.xml:30:17-75
67                android:value="androidx.startup" />
67-->[androidx.emoji2:emoji2:1.2.0] AndroidManifest.xml:31:17-49
68            <meta-data
68-->[androidx.lifecycle:lifecycle-process:2.6.1] AndroidManifest.xml:29:13-31:52
69                android:name="androidx.lifecycle.ProcessLifecycleInitializer"
69-->[androidx.lifecycle:lifecycle-process:2.6.1] AndroidManifest.xml:30:17-78
70                android:value="androidx.startup" />
70-->[androidx.lifecycle:lifecycle-process:2.6.1] AndroidManifest.xml:31:17-49
71            <meta-data
71-->[androidx.profileinstaller:profileinstaller:1.3.0] AndroidManifest.xml:29:13-31:52
72                android:name="androidx.profileinstaller.ProfileInstallerInitializer"
72-->[androidx.profileinstaller:profileinstaller:1.3.0] AndroidManifest.xml:30:17-85
73                android:value="androidx.startup" />
73-->[androidx.profileinstaller:profileinstaller:1.3.0] AndroidManifest.xml:31:17-49
74        </provider>
75
76        <receiver
76-->[androidx.profileinstaller:profileinstaller:1.3.0] AndroidManifest.xml:34:9-52:20
77            android:name="androidx.profileinstaller.ProfileInstallReceiver"
77-->[androidx.profileinstaller:profileinstaller:1.3.0] AndroidManifest.xml:35:13-76
78            android:directBootAware="false"
78-->[androidx.profileinstaller:profileinstaller:1.3.0] AndroidManifest.xml:36:13-44
79            android:enabled="true"
79-->[androidx.profileinstaller:profileinstaller:1.3.0] AndroidManifest.xml:37:13-35
80            android:exported="true"
80-->[androidx.profileinstaller:profileinstaller:1.3.0] AndroidManifest.xml:38:13-36
81            android:permission="android.permission.DUMP" >
81-->[androidx.profileinstaller:profileinstaller:1.3.0] AndroidManifest.xml:39:13-57
82            <intent-filter>
82-->[androidx.profileinstaller:profileinstaller:1.3.0] AndroidManifest.xml:40:13-42:29
83                <action android:name="androidx.profileinstaller.action.INSTALL_PROFILE" />
83-->[androidx.profileinstaller:profileinstaller:1.3.0] AndroidManifest.xml:41:17-91
83-->[androidx.profileinstaller:profileinstaller:1.3.0] AndroidManifest.xml:41:25-88
84            </intent-filter>
85            <intent-filter>
85-->[androidx.profileinstaller:profileinstaller:1.3.0] AndroidManifest.xml:43:13-45:29
86                <action android:name="androidx.profileinstaller.action.SKIP_FILE" />
86-->[androidx.profileinstaller:profileinstaller:1.3.0] AndroidManifest.xml:44:17-85
86-->[androidx.profileinstaller:profileinstaller:1.3.0] AndroidManifest.xml:44:25-82
87            </intent-filter>
88            <intent-filter>
88-->[androidx.profileinstaller:profileinstaller:1.3.0] AndroidManifest.xml:46:13-48:29
89                <action android:name="androidx.profileinstaller.action.SAVE_PROFILE" />
89-->[androidx.profileinstaller:profileinstaller:1.3.0] AndroidManifest.xml:47:17-88
89-->[androidx.profileinstaller:profileinstaller:1.3.0] AndroidManifest.xml:47:25-85
90            </intent-filter>
91            <intent-filter>
91-->[androidx.profileinstaller:profileinstaller:1.3.0] AndroidManifest.xml:49:13-51:29
92                <action android:name="androidx.profileinstaller.action.BENCHMARK_OPERATION" />
92-->[androidx.profileinstaller:profileinstaller:1.3.0] AndroidManifest.xml:50:17-95
92-->[androidx.profileinstaller:profileinstaller:1.3.0] AndroidManifest.xml:50:25-92
93            </intent-filter>
94        </receiver>
95    </application>
96
97</manifest>